<?xml version="1.0" encoding="UTF-8"?>
<testsuite xmlns:xsi="http://www.w3.org/2001/XMLSchema-instance" xsi:noNamespaceSchemaLocation="https://maven.apache.org/surefire/maven-surefire-plugin/xsd/surefire-test-report.xsd" name="org.eclipse.mosaic.fed.application.ambassador.navigation.RoadPositionFactoryTest" time="0.436" tests="6" errors="0" skipped="0" failures="0">
  <properties>
    <property name="java.specification.version" value="21"/>
    <property name="sun.jnu.encoding" value="UTF-8"/>
    <property name="java.class.path" value="/home/miguel/apps/app_example/fed/mosaic-application/target/test-classes:/home/miguel/apps/app_example/fed/mosaic-application/target/classes:/home/miguel/apps/app_example/rti/mosaic-rti-api/target/mosaic-rti-api-24.0-SNAPSHOT.jar:/home/miguel/.m2/repository/org/slf4j/slf4j-api/2.0.12/slf4j-api-2.0.12.jar:/home/miguel/.m2/repository/com/github/stephenc/findbugs/findbugs-annotations/1.3.9-1/findbugs-annotations-1.3.9-1.jar:/home/miguel/.m2/repository/com/google/code/gson/gson/2.10.1/gson-2.10.1.jar:/home/miguel/.m2/repository/com/google/guava/guava/32.1.1-jre/guava-32.1.1-jre.jar:/home/miguel/.m2/repository/com/google/code/findbugs/jsr305/3.0.2/jsr305-3.0.2.jar:/home/miguel/.m2/repository/org/apache/commons/commons-lang3/3.14.0/commons-lang3-3.14.0.jar:/home/miguel/apps/app_example/lib/mosaic-docker/target/mosaic-docker-24.0-SNAPSHOT.jar:/home/miguel/.m2/repository/commons-io/commons-io/2.15.0/commons-io-2.15.0.jar:/home/miguel/apps/app_example/lib/mosaic-geomath/target/mosaic-geomath-24.0-SNAPSHOT.jar:/home/miguel/apps/app_example/lib/mosaic-utils/target/mosaic-utils-24.0-SNAPSHOT.jar:/home/miguel/.m2/repository/org/apache/commons/commons-configuration2/2.5/commons-configuration2-2.5.jar:/home/miguel/.m2/repository/org/apache/commons/commons-text/1.6/commons-text-1.6.jar:/home/miguel/.m2/repository/commons-logging/commons-logging/1.3.0/commons-logging-1.3.0.jar:/home/miguel/.m2/repository/commons-jxpath/commons-jxpath/1.3/commons-jxpath-1.3.jar:/home/miguel/.m2/repository/commons-cli/commons-cli/1.6.0/commons-cli-1.6.0.jar:/home/miguel/.m2/repository/com/networknt/json-schema-validator/1.3.1/json-schema-validator-1.3.1.jar:/home/miguel/.m2/repository/com/ethlo/time/itu/1.8.0/itu-1.8.0.jar:/home/miguel/.m2/repository/com/fasterxml/jackson/core/jackson-databind/2.16.1/jackson-databind-2.16.1.jar:/home/miguel/.m2/repository/com/fasterxml/jackson/core/jackson-annotations/2.16.1/jackson-annotations-2.16.1.jar:/home/miguel/apps/app_example/lib/mosaic-objects/target/mosaic-objects-24.0-SNAPSHOT.jar:/home/miguel/apps/app_example/lib/mosaic-interactions/target/mosaic-interactions-24.0-SNAPSHOT.jar:/home/miguel/apps/app_example/lib/mosaic-routing/target/mosaic-routing-24.0-SNAPSHOT.jar:/home/miguel/apps/app_example/lib/mosaic-database/target/mosaic-database-24.0-SNAPSHOT.jar:/home/miguel/.m2/repository/org/xerial/sqlite-jdbc/3.42.0.0/sqlite-jdbc-3.42.0.0.jar:/home/miguel/.m2/repository/com/graphhopper/graphhopper-core/8.0/graphhopper-core-8.0.jar:/home/miguel/.m2/repository/com/graphhopper/graphhopper-web-api/8.0/graphhopper-web-api-8.0.jar:/home/miguel/.m2/repository/com/carrotsearch/hppc/0.8.1/hppc-0.8.1.jar:/home/miguel/.m2/repository/org/locationtech/jts/jts-core/1.19.0/jts-core-1.19.0.jar:/home/miguel/.m2/repository/com/fasterxml/jackson/core/jackson-core/2.16.1/jackson-core-2.16.1.jar:/home/miguel/.m2/repository/com/graphhopper/external/jackson-datatype-jts/2.14/jackson-datatype-jts-2.14.jar:/home/miguel/.m2/repository/ch/qos/logback/logback-classic/1.5.0/logback-classic-1.5.0.jar:/home/miguel/.m2/repository/ch/qos/logback/logback-core/1.5.0/logback-core-1.5.0.jar:/home/miguel/apps/app_example/lib/mosaic-objects/target/mosaic-objects-24.0-SNAPSHOT-tests.jar:/home/miguel/apps/app_example/lib/mosaic-utils/target/mosaic-utils-24.0-SNAPSHOT-tests.jar:/home/miguel/apps/app_example/lib/mosaic-geomath/target/mosaic-geomath-24.0-SNAPSHOT-tests.jar:/home/miguel/.m2/repository/junit/junit/4.13.2/junit-4.13.2.jar:/home/miguel/.m2/repository/org/hamcrest/hamcrest-core/1.3/hamcrest-core-1.3.jar:/home/miguel/.m2/repository/org/mockito/mockito-core/5.6.0/mockito-core-5.6.0.jar:/home/miguel/.m2/repository/net/bytebuddy/byte-buddy/1.14.8/byte-buddy-1.14.8.jar:/home/miguel/.m2/repository/net/bytebuddy/byte-buddy-agent/1.14.8/byte-buddy-agent-1.14.8.jar:/home/miguel/.m2/repository/org/objenesis/objenesis/3.3/objenesis-3.3.jar:"/>
    <property name="java.vm.vendor" value="Oracle Corporation"/>
    <property name="sun.arch.data.model" value="64"/>
    <property name="java.vendor.url" value="https://openjdk.org/"/>
    <property name="os.name" value="Linux"/>
    <property name="java.vm.specification.version" value="21"/>
    <property name="sun.java.launcher" value="SUN_STANDARD"/>
    <property name="user.country" value="US"/>
    <property name="sun.boot.library.path" value="/usr/lib/jvm/java-21-openjdk/lib"/>
    <property name="sun.java.command" value="/home/miguel/apps/app_example/fed/mosaic-application/target/surefire/surefirebooter6886551923316614461.jar /home/miguel/apps/app_example/fed/mosaic-application/target/surefire 2024-04-11T23-13-00_514-jvmRun1 surefire6763562659470547104tmp surefire_914115799728248931869tmp"/>
    <property name="jdk.debug" value="release"/>
    <property name="surefire.test.class.path" value="/home/miguel/apps/app_example/fed/mosaic-application/target/test-classes:/home/miguel/apps/app_example/fed/mosaic-application/target/classes:/home/miguel/apps/app_example/rti/mosaic-rti-api/target/mosaic-rti-api-24.0-SNAPSHOT.jar:/home/miguel/.m2/repository/org/slf4j/slf4j-api/2.0.12/slf4j-api-2.0.12.jar:/home/miguel/.m2/repository/com/github/stephenc/findbugs/findbugs-annotations/1.3.9-1/findbugs-annotations-1.3.9-1.jar:/home/miguel/.m2/repository/com/google/code/gson/gson/2.10.1/gson-2.10.1.jar:/home/miguel/.m2/repository/com/google/guava/guava/32.1.1-jre/guava-32.1.1-jre.jar:/home/miguel/.m2/repository/com/google/code/findbugs/jsr305/3.0.2/jsr305-3.0.2.jar:/home/miguel/.m2/repository/org/apache/commons/commons-lang3/3.14.0/commons-lang3-3.14.0.jar:/home/miguel/apps/app_example/lib/mosaic-docker/target/mosaic-docker-24.0-SNAPSHOT.jar:/home/miguel/.m2/repository/commons-io/commons-io/2.15.0/commons-io-2.15.0.jar:/home/miguel/apps/app_example/lib/mosaic-geomath/target/mosaic-geomath-24.0-SNAPSHOT.jar:/home/miguel/apps/app_example/lib/mosaic-utils/target/mosaic-utils-24.0-SNAPSHOT.jar:/home/miguel/.m2/repository/org/apache/commons/commons-configuration2/2.5/commons-configuration2-2.5.jar:/home/miguel/.m2/repository/org/apache/commons/commons-text/1.6/commons-text-1.6.jar:/home/miguel/.m2/repository/commons-logging/commons-logging/1.3.0/commons-logging-1.3.0.jar:/home/miguel/.m2/repository/commons-jxpath/commons-jxpath/1.3/commons-jxpath-1.3.jar:/home/miguel/.m2/repository/commons-cli/commons-cli/1.6.0/commons-cli-1.6.0.jar:/home/miguel/.m2/repository/com/networknt/json-schema-validator/1.3.1/json-schema-validator-1.3.1.jar:/home/miguel/.m2/repository/com/ethlo/time/itu/1.8.0/itu-1.8.0.jar:/home/miguel/.m2/repository/com/fasterxml/jackson/core/jackson-databind/2.16.1/jackson-databind-2.16.1.jar:/home/miguel/.m2/repository/com/fasterxml/jackson/core/jackson-annotations/2.16.1/jackson-annotations-2.16.1.jar:/home/miguel/apps/app_example/lib/mosaic-objects/target/mosaic-objects-24.0-SNAPSHOT.jar:/home/miguel/apps/app_example/lib/mosaic-interactions/target/mosaic-interactions-24.0-SNAPSHOT.jar:/home/miguel/apps/app_example/lib/mosaic-routing/target/mosaic-routing-24.0-SNAPSHOT.jar:/home/miguel/apps/app_example/lib/mosaic-database/target/mosaic-database-24.0-SNAPSHOT.jar:/home/miguel/.m2/repository/org/xerial/sqlite-jdbc/3.42.0.0/sqlite-jdbc-3.42.0.0.jar:/home/miguel/.m2/repository/com/graphhopper/graphhopper-core/8.0/graphhopper-core-8.0.jar:/home/miguel/.m2/repository/com/graphhopper/graphhopper-web-api/8.0/graphhopper-web-api-8.0.jar:/home/miguel/.m2/repository/com/carrotsearch/hppc/0.8.1/hppc-0.8.1.jar:/home/miguel/.m2/repository/org/locationtech/jts/jts-core/1.19.0/jts-core-1.19.0.jar:/home/miguel/.m2/repository/com/fasterxml/jackson/core/jackson-core/2.16.1/jackson-core-2.16.1.jar:/home/miguel/.m2/repository/com/graphhopper/external/jackson-datatype-jts/2.14/jackson-datatype-jts-2.14.jar:/home/miguel/.m2/repository/ch/qos/logback/logback-classic/1.5.0/logback-classic-1.5.0.jar:/home/miguel/.m2/repository/ch/qos/logback/logback-core/1.5.0/logback-core-1.5.0.jar:/home/miguel/apps/app_example/lib/mosaic-objects/target/mosaic-objects-24.0-SNAPSHOT-tests.jar:/home/miguel/apps/app_example/lib/mosaic-utils/target/mosaic-utils-24.0-SNAPSHOT-tests.jar:/home/miguel/apps/app_example/lib/mosaic-geomath/target/mosaic-geomath-24.0-SNAPSHOT-tests.jar:/home/miguel/.m2/repository/junit/junit/4.13.2/junit-4.13.2.jar:/home/miguel/.m2/repository/org/hamcrest/hamcrest-core/1.3/hamcrest-core-1.3.jar:/home/miguel/.m2/repository/org/mockito/mockito-core/5.6.0/mockito-core-5.6.0.jar:/home/miguel/.m2/repository/net/bytebuddy/byte-buddy/1.14.8/byte-buddy-1.14.8.jar:/home/miguel/.m2/repository/net/bytebuddy/byte-buddy-agent/1.14.8/byte-buddy-agent-1.14.8.jar:/home/miguel/.m2/repository/org/objenesis/objenesis/3.3/objenesis-3.3.jar:"/>
    <property name="sun.cpu.endian" value="little"/>
    <property name="user.home" value="/home/miguel"/>
    <property name="user.language" value="en"/>
    <property name="java.specification.vendor" value="Oracle Corporation"/>
    <property name="java.version.date" value="2024-01-16"/>
    <property name="java.home" value="/usr/lib/jvm/java-21-openjdk"/>
    <property name="file.separator" value="/"/>
    <property name="basedir" value="/home/miguel/apps/app_example/fed/mosaic-application"/>
    <property name="java.vm.compressedOopsMode" value="Zero based"/>
    <property name="line.separator" value="&#10;"/>
    <property name="java.specification.name" value="Java Platform API Specification"/>
    <property name="java.vm.specification.vendor" value="Oracle Corporation"/>
    <property name="surefire.real.class.path" value="/home/miguel/apps/app_example/fed/mosaic-application/target/surefire/surefirebooter6886551923316614461.jar"/>
    <property name="sun.management.compiler" value="HotSpot 64-Bit Tiered Compilers"/>
    <property name="java.runtime.version" value="21.0.2+13"/>
    <property name="user.name" value="miguel"/>
    <property name="stdout.encoding" value="UTF-8"/>
    <property name="path.separator" value=":"/>
    <property name="os.version" value="6.7.4-arch1-1.1-g14"/>
    <property name="java.runtime.name" value="OpenJDK Runtime Environment"/>
    <property name="file.encoding" value="UTF-8"/>
    <property name="java.vm.name" value="OpenJDK 64-Bit Server VM"/>
    <property name="localRepository" value="/home/miguel/.m2/repository"/>
    <property name="java.vendor.url.bug" value="https://bugreport.java.com/bugreport/"/>
    <property name="java.io.tmpdir" value="/tmp"/>
    <property name="java.version" value="21.0.2"/>
    <property name="user.dir" value="/home/miguel/apps/app_example/fed/mosaic-application"/>
    <property name="os.arch" value="amd64"/>
    <property name="java.vm.specification.name" value="Java Virtual Machine Specification"/>
    <property name="native.encoding" value="UTF-8"/>
    <property name="java.library.path" value="/usr/local/cuda/lib:/usr/local/cuda/lib::/usr/java/packages/lib:/usr/lib64:/lib64:/lib:/usr/lib"/>
    <property name="java.vm.info" value="mixed mode, sharing"/>
    <property name="stderr.encoding" value="UTF-8"/>
    <property name="java.vendor" value="N/A"/>
    <property name="java.vm.version" value="21.0.2+13"/>
    <property name="sun.io.unicode.encoding" value="UnicodeLittle"/>
    <property name="java.class.version" value="65.0"/>
  </properties>
  <testcase name="createAlongRoute_onSameEdgeAsVehicle_firstEdgeOfRoute" classname="org.eclipse.mosaic.fed.application.ambassador.navigation.RoadPositionFactoryTest" time="0.41"/>
  <testcase name="createFromSumoEdge_validEdgeId" classname="org.eclipse.mosaic.fed.application.ambassador.navigation.RoadPositionFactoryTest" time="0.004"/>
  <testcase name="createAlongRoute_farAwayOnLastEdge" classname="org.eclipse.mosaic.fed.application.ambassador.navigation.RoadPositionFactoryTest" time="0.004"/>
  <testcase name="createAlongRoute_onNextEdge" classname="org.eclipse.mosaic.fed.application.ambassador.navigation.RoadPositionFactoryTest" time="0.004"/>
  <testcase name="createAlongRoute_onSameEdgeAsVehicle_thirdEdgeOfRoute" classname="org.eclipse.mosaic.fed.application.ambassador.navigation.RoadPositionFactoryTest" time="0.005"/>
  <testcase name="createAlongRoute_exceedingRouteLength_returnLastEdge" classname="org.eclipse.mosaic.fed.application.ambassador.navigation.RoadPositionFactoryTest" time="0.005"/>
</testsuite>