<?xml version="1.0" encoding="UTF-8"?>
<testsuite xmlns:xsi="http://www.w3.org/2001/XMLSchema-instance" xsi:noNamespaceSchemaLocation="https://maven.apache.org/surefire/maven-surefire-plugin/xsd/surefire-test-report.xsd" name="org.eclipse.mosaic.lib.docker.DockerClientTest" time="2.35" tests="12" errors="0" skipped="0" failures="0">
  <properties>
    <property name="java.specification.version" value="21"/>
    <property name="sun.jnu.encoding" value="UTF-8"/>
    <property name="java.class.path" value="/home/miguel/apps/app_example/lib/mosaic-docker/target/test-classes:/home/miguel/apps/app_example/lib/mosaic-docker/target/classes:/home/miguel/.m2/repository/org/slf4j/slf4j-api/2.0.12/slf4j-api-2.0.12.jar:/home/miguel/.m2/repository/commons-io/commons-io/2.15.0/commons-io-2.15.0.jar:/home/miguel/.m2/repository/org/apache/commons/commons-lang3/3.14.0/commons-lang3-3.14.0.jar:/home/miguel/.m2/repository/junit/junit/4.13.2/junit-4.13.2.jar:/home/miguel/.m2/repository/org/hamcrest/hamcrest-core/1.3/hamcrest-core-1.3.jar:/home/miguel/.m2/repository/org/mockito/mockito-core/5.6.0/mockito-core-5.6.0.jar:/home/miguel/.m2/repository/net/bytebuddy/byte-buddy/1.14.8/byte-buddy-1.14.8.jar:/home/miguel/.m2/repository/net/bytebuddy/byte-buddy-agent/1.14.8/byte-buddy-agent-1.14.8.jar:/home/miguel/.m2/repository/org/objenesis/objenesis/3.3/objenesis-3.3.jar:"/>
    <property name="java.vm.vendor" value="Oracle Corporation"/>
    <property name="sun.arch.data.model" value="64"/>
    <property name="java.vendor.url" value="https://openjdk.org/"/>
    <property name="os.name" value="Linux"/>
    <property name="java.vm.specification.version" value="21"/>
    <property name="sun.java.launcher" value="SUN_STANDARD"/>
    <property name="user.country" value="US"/>
    <property name="sun.boot.library.path" value="/usr/lib/jvm/java-21-openjdk/lib"/>
    <property name="sun.java.command" value="/home/miguel/apps/app_example/lib/mosaic-docker/target/surefire/surefirebooter11648589511850446383.jar /home/miguel/apps/app_example/lib/mosaic-docker/target/surefire 2024-04-11T23-13-00_514-jvmRun1 surefire15467413500146583566tmp surefire_015220917645680796456tmp"/>
    <property name="jdk.debug" value="release"/>
    <property name="surefire.test.class.path" value="/home/miguel/apps/app_example/lib/mosaic-docker/target/test-classes:/home/miguel/apps/app_example/lib/mosaic-docker/target/classes:/home/miguel/.m2/repository/org/slf4j/slf4j-api/2.0.12/slf4j-api-2.0.12.jar:/home/miguel/.m2/repository/commons-io/commons-io/2.15.0/commons-io-2.15.0.jar:/home/miguel/.m2/repository/org/apache/commons/commons-lang3/3.14.0/commons-lang3-3.14.0.jar:/home/miguel/.m2/repository/junit/junit/4.13.2/junit-4.13.2.jar:/home/miguel/.m2/repository/org/hamcrest/hamcrest-core/1.3/hamcrest-core-1.3.jar:/home/miguel/.m2/repository/org/mockito/mockito-core/5.6.0/mockito-core-5.6.0.jar:/home/miguel/.m2/repository/net/bytebuddy/byte-buddy/1.14.8/byte-buddy-1.14.8.jar:/home/miguel/.m2/repository/net/bytebuddy/byte-buddy-agent/1.14.8/byte-buddy-agent-1.14.8.jar:/home/miguel/.m2/repository/org/objenesis/objenesis/3.3/objenesis-3.3.jar:"/>
    <property name="sun.cpu.endian" value="little"/>
    <property name="user.home" value="/home/miguel"/>
    <property name="user.language" value="en"/>
    <property name="java.specification.vendor" value="Oracle Corporation"/>
    <property name="java.version.date" value="2024-01-16"/>
    <property name="java.home" value="/usr/lib/jvm/java-21-openjdk"/>
    <property name="file.separator" value="/"/>
    <property name="basedir" value="/home/miguel/apps/app_example/lib/mosaic-docker"/>
    <property name="java.vm.compressedOopsMode" value="Zero based"/>
    <property name="line.separator" value="&#10;"/>
    <property name="java.specification.name" value="Java Platform API Specification"/>
    <property name="java.vm.specification.vendor" value="Oracle Corporation"/>
    <property name="surefire.real.class.path" value="/home/miguel/apps/app_example/lib/mosaic-docker/target/surefire/surefirebooter11648589511850446383.jar"/>
    <property name="sun.management.compiler" value="HotSpot 64-Bit Tiered Compilers"/>
    <property name="java.runtime.version" value="21.0.2+13"/>
    <property name="user.name" value="miguel"/>
    <property name="stdout.encoding" value="UTF-8"/>
    <property name="path.separator" value=":"/>
    <property name="os.version" value="6.7.4-arch1-1.1-g14"/>
    <property name="java.runtime.name" value="OpenJDK Runtime Environment"/>
    <property name="file.encoding" value="UTF-8"/>
    <property name="java.vm.name" value="OpenJDK 64-Bit Server VM"/>
    <property name="localRepository" value="/home/miguel/.m2/repository"/>
    <property name="java.vendor.url.bug" value="https://bugreport.java.com/bugreport/"/>
    <property name="java.io.tmpdir" value="/tmp"/>
    <property name="java.version" value="21.0.2"/>
    <property name="user.dir" value="/home/miguel/apps/app_example/lib/mosaic-docker"/>
    <property name="os.arch" value="amd64"/>
    <property name="java.vm.specification.name" value="Java Virtual Machine Specification"/>
    <property name="native.encoding" value="UTF-8"/>
    <property name="java.library.path" value="/usr/local/cuda/lib:/usr/local/cuda/lib::/usr/java/packages/lib:/usr/lib64:/lib64:/lib:/usr/lib"/>
    <property name="java.vm.info" value="mixed mode, sharing"/>
    <property name="stderr.encoding" value="UTF-8"/>
    <property name="java.vendor" value="N/A"/>
    <property name="java.vm.version" value="21.0.2+13"/>
    <property name="sun.io.unicode.encoding" value="UnicodeLittle"/>
    <property name="java.class.version" value="65.0"/>
  </properties>
  <testcase name="run_removeAfterRun" classname="org.eclipse.mosaic.lib.docker.DockerClientTest" time="0.327"/>
  <testcase name="run_noPortBinding_readPortsFromDocker" classname="org.eclipse.mosaic.lib.docker.DockerClientTest" time="0.076"/>
  <testcase name="killContainer_doNotRemove" classname="org.eclipse.mosaic.lib.docker.DockerClientTest" time="0.069"/>
  <testcase name="user_explicit" classname="org.eclipse.mosaic.lib.docker.DockerClientTest" time="0.068"/>
  <testcase name="close_noContainersRunning" classname="org.eclipse.mosaic.lib.docker.DockerClientTest" time="0.005"/>
  <testcase name="close_twoContainersRunning" classname="org.eclipse.mosaic.lib.docker.DockerClientTest" time="0.094"/>
  <testcase name="run_removeBeforeRun" classname="org.eclipse.mosaic.lib.docker.DockerClientTest" time="0.068"/>
  <testcase name="run_declarePortBinding" classname="org.eclipse.mosaic.lib.docker.DockerClientTest" time="0.077"/>
  <testcase name="user_auto" classname="org.eclipse.mosaic.lib.docker.DockerClientTest" time="0.07"/>
  <testcase name="run_declareVolumeBinding" classname="org.eclipse.mosaic.lib.docker.DockerClientTest" time="0.069"/>
  <testcase name="killContainer_doRemove" classname="org.eclipse.mosaic.lib.docker.DockerClientTest" time="0.07"/>
  <testcase name="run_timeoutDockerStatus" classname="org.eclipse.mosaic.lib.docker.DockerClientTest" time="0.528"/>
</testsuite>